<?xml version="1.0" encoding="UTF-8"?>
<!-- Generated by org.testng.reporters.JUnitReportReporter -->
<testsuite hostname="WKWIN3666686" failures="0" tests="1" name="tests.NewTest" time="10.167" errors="0" timestamp="11 May 2022 06:45:37 GMT">
  <testcase classname="tests.NewTest" name="openMyBlog" time="10.167"/>
</testsuite> <!-- tests.NewTest -->
